<?xml version="1.0" encoding="UTF-8"?>
<testng-results ignored="0" total="1" passed="1" failed="0" skipped="0">
  <reporter-output>
  </reporter-output>
  <suite started-at="2023-12-10T02:54:06 EET" name="Default suite" finished-at="2023-12-10T02:54:29 EET" duration-ms="23442">
    <groups>
    </groups>
    <test started-at="2023-12-10T02:54:06 EET" name="Default test" finished-at="2023-12-10T02:54:29 EET" duration-ms="23442">
      <class name="restassuredApi.OrangeHRMTest">
        <test-method is-config="true" signature="setUp()[pri:0, instance:restassuredApi.OrangeHRMTest@58d75e99]" started-at="2023-12-10T02:54:06 EET" name="setUp" finished-at="2023-12-10T02:54:22 EET" duration-ms="16031" status="PASS">
          <reporter-output>
          </reporter-output>
        </test-method> <!-- setUp -->
        <test-method signature="testAddEmployee()[pri:1, instance:restassuredApi.OrangeHRMTest@58d75e99]" started-at="2023-12-10T02:54:22 EET" name="testAddEmployee" finished-at="2023-12-10T02:54:29 EET" duration-ms="7042" status="PASS">
          <reporter-output>
          </reporter-output>
        </test-method> <!-- testAddEmployee -->
        <test-method is-config="true" signature="tearDown()[pri:0, instance:restassuredApi.OrangeHRMTest@58d75e99]" started-at="2023-12-10T02:54:29 EET" name="tearDown" finished-at="2023-12-10T02:54:29 EET" duration-ms="309" status="PASS">
          <reporter-output>
          </reporter-output>
        </test-method> <!-- tearDown -->
      </class> <!-- restassuredApi.OrangeHRMTest -->
    </test> <!-- Default test -->
  </suite> <!-- Default suite -->
</testng-results>
